  cashier.cpp
c:\users\christopher\desktop\my websites\inventorysystem\inventory management system\cashier.h(2123): warning C4244: '=': conversion from 'double' to 'int', possible loss of data
c:\users\christopher\desktop\my websites\inventorysystem\inventory management system\cashier.h(2125): warning C4244: '=': conversion from 'int' to 'float', possible loss of data
c:\users\christopher\desktop\my websites\inventorysystem\inventory management system\cashier.h(2131): warning C4244: '=': conversion from 'double' to 'float', possible loss of data
c:\users\christopher\desktop\my websites\inventorysystem\inventory management system\cashier.h(2132): warning C4244: '=': conversion from 'double' to 'float', possible loss of data
c:\users\christopher\desktop\my websites\inventorysystem\inventory management system\cashier.h(2216): warning C4804: '<=': unsafe use of type 'bool' in operation
c:\users\christopher\desktop\my websites\inventorysystem\inventory management system\cashier.h(2271): warning C4244: '=': conversion from 'double' to 'int', possible loss of data
  Login.cpp
c:\users\christopher\desktop\my websites\inventorysystem\inventory management system\cashier.h(2123): warning C4244: '=': conversion from 'double' to 'int', possible loss of data
c:\users\christopher\desktop\my websites\inventorysystem\inventory management system\cashier.h(2125): warning C4244: '=': conversion from 'int' to 'float', possible loss of data
c:\users\christopher\desktop\my websites\inventorysystem\inventory management system\cashier.h(2131): warning C4244: '=': conversion from 'double' to 'float', possible loss of data
c:\users\christopher\desktop\my websites\inventorysystem\inventory management system\cashier.h(2132): warning C4244: '=': conversion from 'double' to 'float', possible loss of data
c:\users\christopher\desktop\my websites\inventorysystem\inventory management system\cashier.h(2216): warning C4804: '<=': unsafe use of type 'bool' in operation
c:\users\christopher\desktop\my websites\inventorysystem\inventory management system\cashier.h(2271): warning C4244: '=': conversion from 'double' to 'int', possible loss of data
c:\users\christopher\desktop\my websites\inventorysystem\inventory management system\inventory.h(2910): warning C4244: '=': conversion from 'double' to 'float', possible loss of data
  salesReport.cpp
  Generating Code...
c:\users\christopher\desktop\my websites\inventorysystem\inventory management system\inventory.h(2851): warning C4715: 'InventoryManagementSystem::inventory::proSearch': not all control paths return a value
c:\users\christopher\desktop\my websites\inventorysystem\inventory management system\inventory.h(3167): warning C4715: 'InventoryManagementSystem::inventory::accSearch': not all control paths return a value
  cashier.obj : MSIL module encountered; incremental linking is disabled for MSIL; performing full link
  Inventory Management System.vcxproj -> C:\Users\Christopher\Desktop\My Websites\InventorySystem\x64\Debug\Inventory Management System.exe
